<?xml version="1.0" encoding="UTF-8"?>
<!-- Generated by org.testng.reporters.JUnitReportReporter -->
<testsuite skipped="0" hostname="DESKTOP-DUUOVCH" name="org.example.testRunner.runners" tests="1" failures="0" timestamp="2022-10-07T23:01:27 EET" time="14.302" errors="0">
  <testcase name="runScenario" time="14.302" classname="org.example.testRunner.runners"/>
  <system-out/>
</testsuite> <!-- org.example.testRunner.runners -->
